<?xml version="1.0" encoding="UTF-8"?>
<!-- Generated by org.testng.reporters.JUnitReportReporter -->
<testsuite hostname="MacBook-Pro-Yana.local" failures="0" tests="1" name="registerTests.UserRegistrationTest" time="0.004" errors="0" timestamp="2021-10-30T23:31:03 CEST" skipped="0">
  <testcase classname="registerTests.UserRegistrationTest" name="testCanRegisterNewUser" time="0.004"/>
  <system-out/>
</testsuite> <!-- registerTests.UserRegistrationTest -->
